<?xml version="1.0" encoding="UTF-8"?>
<!-- Generated by org.testng.reporters.JUnitXMLReporter -->
<testsuite hostname="DFW1-KUNTAMAS" name="Test" tests="1" failures="0" timestamp="19 Oct 2015 01:41:09 GMT" time="2.381" errors="0">
  <testcase name="@BeforeClass setUp" time="0.0" classname="com.dexmedia.seleniumtest.Logintest">
    <failure type="java.lang.NullPointerException">
      <![CDATA[java.lang.NullPointerException
	at com.dexmedia.seleniumtest.Logintest.setUp(Logintest.java:36)
... Removed 24 stack frames]]>
    </failure>
  </testcase> <!-- @BeforeClass setUp -->
  <testcase name="testbookie" time="0.001" classname="com.dexmedia.seleniumtest.Logintest">
    <skipped/>
  </testcase> <!-- testbookie -->
</testsuite> <!-- Test -->
