<?xml version="1.0" encoding="UTF-8"?>
<testng-results skipped="0" failed="0" total="1" passed="1">
  <reporter-output>
  </reporter-output>
  <suite name="Default suite" duration-ms="6353" started-at="2016-12-10T02:31:03Z" finished-at="2016-12-10T02:31:10Z">
    <groups>
    </groups>
    <test name="Default test" duration-ms="6353" started-at="2016-12-10T02:31:03Z" finished-at="2016-12-10T02:31:10Z">
      <class name="com.dexmedia.seleniumtest.LogintoGmail">
        <test-method status="PASS" signature="setUp()[pri:0, instance:com.dexmedia.seleniumtest.LogintoGmail@13805618]" name="setUp" is-config="true" duration-ms="1422" started-at="2016-12-09T18:31:03Z" finished-at="2016-12-09T18:31:05Z">
          <reporter-output>
          </reporter-output>
        </test-method> <!-- setUp -->
        <test-method status="PASS" signature="testbookie()[pri:0, instance:com.dexmedia.seleniumtest.LogintoGmail@13805618]" name="testbookie" duration-ms="4924" started-at="2016-12-09T18:31:05Z" finished-at="2016-12-09T18:31:10Z">
          <reporter-output>
          </reporter-output>
        </test-method> <!-- testbookie -->
      </class> <!-- com.dexmedia.seleniumtest.LogintoGmail -->
    </test> <!-- Default test -->
  </suite> <!-- Default suite -->
</testng-results>
